[INIT] Forced BLAS library to use 32 threads (set env vars)
[INIT] BLAS threading configured to use 32 cores
[INIT] This will accelerate SVM's numerical operations
[INIT] threadpoolctl available - BLAS threading will be controlled at runtime

================================================================================
ACTIVITY RECOGNITION WINDOWING PARAMETER OPTIMIZATION
================================================================================
Start: 2026-02-05 14:55:10
Run ID: 20260205_145510
================================================================================

Configuring CPU threading...

CPU Threading Status:
  OMP_NUM_THREADS: 32
  MKL_NUM_THREADS: 32
  OPENBLAS_NUM_THREADS: 32
  Available cores: 32
  Status: ✓ Multi-threading ENABLED for SVM/numpy operations

CPU Information:
  Physical cores: 16
  Logical cores (threads): 32
  Current usage: 0.4%
  Available memory: 85.15 GB
  Total memory: 91.94 GB

================================================================================
LOADING DATASET
================================================================================
Zip file: /home/odin/achal/Pervasive-Computing-for-Health/tutorial_3/adl_dataset
Extract to: /home/odin/achal/Pervasive-Computing-for-Health/tutorial_3/adl_dataset_extracted
Sampling frequency: 32 Hz

[INFO] Dataset already extracted, skipping extraction...
Loading dataset:   0%|          | 0/1 [00:00<?, ?it/s]Loading dataset: 100%|██████████| 1/1 [00:00<00:00, 31775.03it/s]
Loading dataset:   0%|          | 0/21 [00:00<?, ?it/s]Loading dataset:  14%|█▍        | 3/21 [00:00<00:00, 23.79it/s]Loading dataset:  29%|██▊       | 6/21 [00:00<00:00, 20.19it/s]Loading dataset:  43%|████▎     | 9/21 [00:00<00:00, 18.04it/s]Loading dataset:  57%|█████▋    | 12/21 [00:00<00:00, 14.72it/s]Loading dataset:  71%|███████▏  | 15/21 [00:00<00:00, 16.28it/s]Loading dataset:  81%|████████  | 17/21 [00:01<00:00, 11.47it/s]Loading dataset:  90%|█████████ | 19/21 [00:01<00:00,  6.94it/s]Loading dataset: 100%|██████████| 21/21 [00:02<00:00,  7.60it/s]Loading dataset: 100%|██████████| 21/21 [00:02<00:00, 10.45it/s]
Loading dataset: 0it [00:00, ?it/s]Loading dataset: 0it [00:00, ?it/s]
Loading dataset: 0it [00:00, ?it/s]Loading dataset: 0it [00:00, ?it/s]
Loading dataset: 0it [00:00, ?it/s]Loading dataset: 0it [00:00, ?it/s]
Loading dataset: 0it [00:00, ?it/s]Loading dataset: 0it [00:00, ?it/s]
Loading dataset: 0it [00:00, ?it/s]Loading dataset: 0it [00:00, ?it/s]
Loading dataset: 0it [00:00, ?it/s]Loading dataset: 0it [00:00, ?it/s]
Loading dataset: 0it [00:00, ?it/s]Loading dataset: 0it [00:00, ?it/s]
Loading dataset: 0it [00:00, ?it/s]Loading dataset: 0it [00:00, ?it/s]
Loading dataset: 0it [00:00, ?it/s]Loading dataset: 0it [00:00, ?it/s]
Loading dataset: 0it [00:00, ?it/s]Loading dataset: 0it [00:00, ?it/s]
Loading dataset: 0it [00:00, ?it/s]Loading dataset: 0it [00:00, ?it/s]
Loading dataset: 0it [00:00, ?it/s]Loading dataset: 0it [00:00, ?it/s]
Loading dataset: 0it [00:00, ?it/s]Loading dataset: 0it [00:00, ?it/s]
Loading dataset: 0it [00:00, ?it/s]Loading dataset: 0it [00:00, ?it/s]
Loading dataset: 0it [00:00, ?it/s]Loading dataset: 0it [00:00, ?it/s]
Loading dataset: 0it [00:00, ?it/s]Loading dataset: 0it [00:00, ?it/s]
Loading dataset: 0it [00:00, ?it/s]Loading dataset: 0it [00:00, ?it/s]
Loading dataset: 0it [00:00, ?it/s]Loading dataset: 0it [00:00, ?it/s]
Loading dataset: 0it [00:00, ?it/s]Loading dataset: 0it [00:00, ?it/s]
Loading dataset: 0it [00:00, ?it/s]Loading dataset: 0it [00:00, ?it/s]
Loading dataset: 0it [00:00, ?it/s]Loading dataset: 0it [00:00, ?it/s]

Dataset loaded: 479289 samples, 9 columns
Activities: ['brush_teeth' 'pour_water' 'climb_stairs' 'getup_bed' 'comb_hair' 'walk'
 'sitdown_chair' 'standup_chair' 'drink_glass' 'eat_meat' 'liedown_bed'
 'use_telephone' 'eat_soup' 'descend_stairs']
Volunteers: 27

================================================================================
EXPERIMENT 3: GRID SEARCH OPTIMIZATION
================================================================================
Searching 9 combinations...
Windows: [120, 150, 170]
Overlaps: [30, 60, 100]
================================================================================

--------------------------------------------------------------------------------
Config 1/9: Window=120, Overlap=30
--------------------------------------------------------------------------------
Generated 15881 samples from 27 volunteers, training models...
  0%|          | 0/27 [00:00<?, ?it/s]  4%|▎         | 1/27 [00:01<00:41,  1.61s/it]  7%|▋         | 2/27 [00:02<00:35,  1.41s/it] 11%|█         | 3/27 [00:04<00:32,  1.34s/it] 15%|█▍        | 4/27 [00:05<00:29,  1.30s/it] 19%|█▊        | 5/27 [00:06<00:28,  1.29s/it] 22%|██▏       | 6/27 [00:07<00:26,  1.28s/it] 26%|██▌       | 7/27 [00:09<00:25,  1.29s/it] 30%|██▉       | 8/27 [00:10<00:24,  1.29s/it] 33%|███▎      | 9/27 [00:11<00:23,  1.28s/it] 37%|███▋      | 10/27 [00:13<00:21,  1.28s/it] 41%|████      | 11/27 [00:14<00:21,  1.32s/it] 44%|████▍     | 12/27 [00:15<00:19,  1.30s/it] 48%|████▊     | 13/27 [00:17<00:18,  1.34s/it] 52%|█████▏    | 14/27 [00:18<00:17,  1.32s/it] 56%|█████▌    | 15/27 [00:19<00:15,  1.31s/it] 59%|█████▉    | 16/27 [00:20<00:14,  1.30s/it] 63%|██████▎   | 17/27 [00:22<00:12,  1.28s/it] 67%|██████▋   | 18/27 [00:23<00:11,  1.31s/it] 70%|███████   | 19/27 [00:24<00:10,  1.29s/it] 74%|███████▍  | 20/27 [00:26<00:08,  1.28s/it] 78%|███████▊  | 21/27 [00:27<00:07,  1.30s/it] 81%|████████▏ | 22/27 [00:28<00:06,  1.31s/it] 85%|████████▌ | 23/27 [00:30<00:05,  1.32s/it] 89%|████████▉ | 24/27 [00:31<00:03,  1.32s/it] 93%|█████████▎| 25/27 [00:32<00:02,  1.32s/it] 96%|█████████▋| 26/27 [00:34<00:01,  1.30s/it]100%|██████████| 27/27 [00:35<00:00,  1.30s/it]100%|██████████| 27/27 [00:35<00:00,  1.31s/it]
✓ Complete - SVM F1: 0.4418, DT F1: 0.3701, RF F1: 0.4436

--------------------------------------------------------------------------------
Config 2/9: Window=120, Overlap=60
--------------------------------------------------------------------------------
Generated 7944 samples from 27 volunteers, training models...
  0%|          | 0/27 [00:00<?, ?it/s]  4%|▎         | 1/27 [00:00<00:13,  1.96it/s]  7%|▋         | 2/27 [00:00<00:12,  2.08it/s] 11%|█         | 3/27 [00:01<00:11,  2.11it/s] 15%|█▍        | 4/27 [00:01<00:10,  2.13it/s] 19%|█▊        | 5/27 [00:02<00:10,  2.16it/s] 22%|██▏       | 6/27 [00:02<00:09,  2.18it/s] 26%|██▌       | 7/27 [00:03<00:09,  2.18it/s] 30%|██▉       | 8/27 [00:03<00:08,  2.15it/s] 33%|███▎      | 9/27 [00:04<00:08,  2.17it/s] 37%|███▋      | 10/27 [00:04<00:07,  2.17it/s] 41%|████      | 11/27 [00:05<00:07,  2.13it/s] 44%|████▍     | 12/27 [00:05<00:07,  2.14it/s] 48%|████▊     | 13/27 [00:06<00:06,  2.09it/s] 52%|█████▏    | 14/27 [00:06<00:06,  2.12it/s] 56%|█████▌    | 15/27 [00:07<00:05,  2.13it/s] 59%|█████▉    | 16/27 [00:07<00:05,  2.16it/s] 63%|██████▎   | 17/27 [00:07<00:04,  2.17it/s] 67%|██████▋   | 18/27 [00:08<00:04,  2.08it/s] 70%|███████   | 19/27 [00:08<00:03,  2.11it/s] 74%|███████▍  | 20/27 [00:09<00:03,  2.13it/s] 78%|███████▊  | 21/27 [00:09<00:02,  2.12it/s] 81%|████████▏ | 22/27 [00:10<00:02,  2.13it/s] 85%|████████▌ | 23/27 [00:10<00:01,  2.12it/s] 89%|████████▉ | 24/27 [00:11<00:01,  2.12it/s] 93%|█████████▎| 25/27 [00:11<00:00,  2.11it/s] 96%|█████████▋| 26/27 [00:12<00:00,  2.13it/s]100%|██████████| 27/27 [00:12<00:00,  2.14it/s]100%|██████████| 27/27 [00:12<00:00,  2.13it/s]
✓ Complete - SVM F1: 0.4331, DT F1: 0.3935, RF F1: 0.4401

--------------------------------------------------------------------------------
Config 3/9: Window=120, Overlap=100
--------------------------------------------------------------------------------
Generated 4774 samples from 27 volunteers, training models...
  0%|          | 0/27 [00:00<?, ?it/s]  4%|▎         | 1/27 [00:00<00:06,  3.98it/s]  7%|▋         | 2/27 [00:00<00:06,  4.03it/s] 11%|█         | 3/27 [00:00<00:05,  4.02it/s] 15%|█▍        | 4/27 [00:00<00:05,  4.07it/s] 19%|█▊        | 5/27 [00:01<00:05,  4.06it/s] 22%|██▏       | 6/27 [00:01<00:05,  4.03it/s] 26%|██▌       | 7/27 [00:01<00:04,  4.04it/s] 30%|██▉       | 8/27 [00:01<00:04,  4.02it/s] 33%|███▎      | 9/27 [00:02<00:04,  4.00it/s] 37%|███▋      | 10/27 [00:02<00:04,  4.00it/s] 41%|████      | 11/27 [00:02<00:04,  3.98it/s] 44%|████▍     | 12/27 [00:02<00:03,  4.00it/s] 48%|████▊     | 13/27 [00:03<00:03,  3.98it/s] 52%|█████▏    | 14/27 [00:03<00:03,  4.00it/s] 56%|█████▌    | 15/27 [00:03<00:02,  4.02it/s] 59%|█████▉    | 16/27 [00:03<00:02,  4.04it/s] 63%|██████▎   | 17/27 [00:04<00:02,  4.05it/s] 67%|██████▋   | 18/27 [00:04<00:02,  4.02it/s] 70%|███████   | 19/27 [00:04<00:02,  3.83it/s] 74%|███████▍  | 20/27 [00:05<00:01,  3.89it/s] 78%|███████▊  | 21/27 [00:05<00:01,  3.89it/s] 81%|████████▏ | 22/27 [00:05<00:01,  3.93it/s] 85%|████████▌ | 23/27 [00:05<00:01,  3.92it/s] 89%|████████▉ | 24/27 [00:06<00:00,  3.94it/s] 93%|█████████▎| 25/27 [00:06<00:00,  3.95it/s] 96%|█████████▋| 26/27 [00:06<00:00,  3.97it/s]100%|██████████| 27/27 [00:06<00:00,  4.00it/s]100%|██████████| 27/27 [00:06<00:00,  3.98it/s]
✓ Complete - SVM F1: 0.4171, DT F1: 0.3927, RF F1: 0.4455

--------------------------------------------------------------------------------
Config 4/9: Window=150, Overlap=30
--------------------------------------------------------------------------------
Generated 15854 samples from 27 volunteers, training models...
  0%|          | 0/27 [00:00<?, ?it/s]  4%|▎         | 1/27 [00:01<00:39,  1.54s/it]  7%|▋         | 2/27 [00:02<00:33,  1.33s/it] 11%|█         | 3/27 [00:03<00:30,  1.26s/it] 15%|█▍        | 4/27 [00:05<00:28,  1.24s/it] 19%|█▊        | 5/27 [00:06<00:26,  1.22s/it] 22%|██▏       | 6/27 [00:07<00:25,  1.21s/it] 26%|██▌       | 7/27 [00:08<00:24,  1.22s/it] 30%|██▉       | 8/27 [00:09<00:23,  1.22s/it] 33%|███▎      | 9/27 [00:11<00:21,  1.21s/it] 37%|███▋      | 10/27 [00:12<00:20,  1.20s/it] 41%|████      | 11/27 [00:13<00:19,  1.24s/it] 44%|████▍     | 12/27 [00:14<00:18,  1.23s/it] 48%|████▊     | 13/27 [00:16<00:17,  1.27s/it] 52%|█████▏    | 14/27 [00:17<00:16,  1.25s/it] 56%|█████▌    | 15/27 [00:18<00:14,  1.23s/it] 59%|█████▉    | 16/27 [00:19<00:13,  1.23s/it] 63%|██████▎   | 17/27 [00:21<00:12,  1.22s/it] 67%|██████▋   | 18/27 [00:22<00:11,  1.24s/it] 70%|███████   | 19/27 [00:23<00:09,  1.22s/it] 74%|███████▍  | 20/27 [00:24<00:08,  1.21s/it] 78%|███████▊  | 21/27 [00:25<00:07,  1.23s/it] 81%|████████▏ | 22/27 [00:27<00:06,  1.22s/it] 85%|████████▌ | 23/27 [00:28<00:04,  1.23s/it] 89%|████████▉ | 24/27 [00:29<00:03,  1.23s/it] 93%|█████████▎| 25/27 [00:30<00:02,  1.24s/it] 96%|█████████▋| 26/27 [00:32<00:01,  1.23s/it]100%|██████████| 27/27 [00:33<00:00,  1.22s/it]100%|██████████| 27/27 [00:33<00:00,  1.23s/it]
✓ Complete - SVM F1: 0.4527, DT F1: 0.3843, RF F1: 0.4539

--------------------------------------------------------------------------------
Config 5/9: Window=150, Overlap=60
--------------------------------------------------------------------------------
Generated 7937 samples from 27 volunteers, training models...
  0%|          | 0/27 [00:00<?, ?it/s]  4%|▎         | 1/27 [00:00<00:12,  2.02it/s]  7%|▋         | 2/27 [00:00<00:11,  2.17it/s] 11%|█         | 3/27 [00:01<00:10,  2.22it/s] 15%|█▍        | 4/27 [00:01<00:10,  2.25it/s] 19%|█▊        | 5/27 [00:02<00:09,  2.24it/s] 22%|██▏       | 6/27 [00:02<00:09,  2.26it/s] 26%|██▌       | 7/27 [00:03<00:08,  2.25it/s] 30%|██▉       | 8/27 [00:03<00:08,  2.23it/s] 33%|███▎      | 9/27 [00:04<00:08,  2.24it/s] 37%|███▋      | 10/27 [00:04<00:07,  2.25it/s] 41%|████      | 11/27 [00:04<00:07,  2.21it/s] 44%|████▍     | 12/27 [00:05<00:06,  2.22it/s] 48%|████▊     | 13/27 [00:05<00:06,  2.17it/s] 52%|█████▏    | 14/27 [00:06<00:06,  2.13it/s] 56%|█████▌    | 15/27 [00:06<00:05,  2.17it/s] 59%|█████▉    | 16/27 [00:07<00:04,  2.20it/s] 63%|██████▎   | 17/27 [00:07<00:04,  2.23it/s] 67%|██████▋   | 18/27 [00:08<00:04,  2.22it/s] 70%|███████   | 19/27 [00:08<00:03,  2.23it/s] 74%|███████▍  | 20/27 [00:09<00:03,  2.24it/s] 78%|███████▊  | 21/27 [00:09<00:02,  2.22it/s] 81%|████████▏ | 22/27 [00:09<00:02,  2.23it/s] 85%|████████▌ | 23/27 [00:10<00:01,  2.21it/s] 89%|████████▉ | 24/27 [00:10<00:01,  2.21it/s] 93%|█████████▎| 25/27 [00:11<00:00,  2.19it/s] 96%|█████████▋| 26/27 [00:11<00:00,  2.21it/s]100%|██████████| 27/27 [00:12<00:00,  2.22it/s]100%|██████████| 27/27 [00:12<00:00,  2.21it/s]
✓ Complete - SVM F1: 0.4490, DT F1: 0.3622, RF F1: 0.4548

--------------------------------------------------------------------------------
Config 6/9: Window=150, Overlap=100
--------------------------------------------------------------------------------
Generated 4767 samples from 27 volunteers, training models...
  0%|          | 0/27 [00:00<?, ?it/s]  4%|▎         | 1/27 [00:00<00:06,  4.14it/s]  7%|▋         | 2/27 [00:00<00:06,  4.15it/s] 11%|█         | 3/27 [00:00<00:05,  4.17it/s] 15%|█▍        | 4/27 [00:00<00:05,  4.18it/s] 19%|█▊        | 5/27 [00:01<00:05,  4.19it/s] 22%|██▏       | 6/27 [00:01<00:05,  4.20it/s] 26%|██▌       | 7/27 [00:01<00:04,  4.19it/s] 30%|██▉       | 8/27 [00:01<00:04,  4.15it/s] 33%|███▎      | 9/27 [00:02<00:04,  4.17it/s] 37%|███▋      | 10/27 [00:02<00:04,  4.16it/s] 41%|████      | 11/27 [00:02<00:03,  4.10it/s] 44%|████▍     | 12/27 [00:02<00:03,  4.10it/s] 48%|████▊     | 13/27 [00:03<00:03,  4.05it/s] 52%|█████▏    | 14/27 [00:03<00:03,  3.89it/s] 56%|█████▌    | 15/27 [00:03<00:03,  3.92it/s] 59%|█████▉    | 16/27 [00:03<00:02,  4.00it/s] 63%|██████▎   | 17/27 [00:04<00:02,  4.06it/s] 67%|██████▋   | 18/27 [00:04<00:02,  4.08it/s] 70%|███████   | 19/27 [00:04<00:01,  4.10it/s] 74%|███████▍  | 20/27 [00:04<00:01,  4.11it/s] 78%|███████▊  | 21/27 [00:05<00:01,  4.09it/s] 81%|████████▏ | 22/27 [00:05<00:01,  4.11it/s] 85%|████████▌ | 23/27 [00:05<00:00,  4.09it/s] 89%|████████▉ | 24/27 [00:05<00:00,  4.09it/s] 93%|█████████▎| 25/27 [00:06<00:00,  4.07it/s] 96%|█████████▋| 26/27 [00:06<00:00,  4.11it/s]100%|██████████| 27/27 [00:06<00:00,  4.12it/s]100%|██████████| 27/27 [00:06<00:00,  4.10it/s]
✓ Complete - SVM F1: 0.4355, DT F1: 0.3682, RF F1: 0.4508

--------------------------------------------------------------------------------
Config 7/9: Window=170, Overlap=30
--------------------------------------------------------------------------------
Generated 15843 samples from 27 volunteers, training models...
  0%|          | 0/27 [00:00<?, ?it/s]  4%|▎         | 1/27 [00:01<00:39,  1.51s/it]  7%|▋         | 2/27 [00:02<00:32,  1.29s/it] 11%|█         | 3/27 [00:03<00:29,  1.22s/it] 15%|█▍        | 4/27 [00:04<00:27,  1.20s/it] 19%|█▊        | 5/27 [00:06<00:25,  1.18s/it] 22%|██▏       | 6/27 [00:07<00:24,  1.16s/it] 26%|██▌       | 7/27 [00:08<00:23,  1.17s/it] 30%|██▉       | 8/27 [00:09<00:22,  1.18s/it] 33%|███▎      | 9/27 [00:10<00:20,  1.17s/it] 37%|███▋      | 10/27 [00:11<00:19,  1.16s/it] 41%|████      | 11/27 [00:13<00:19,  1.20s/it] 44%|████▍     | 12/27 [00:14<00:18,  1.20s/it] 48%|████▊     | 13/27 [00:15<00:17,  1.24s/it] 52%|█████▏    | 14/27 [00:16<00:15,  1.22s/it] 56%|█████▌    | 15/27 [00:18<00:14,  1.20s/it] 59%|█████▉    | 16/27 [00:19<00:12,  1.18s/it] 63%|██████▎   | 17/27 [00:20<00:11,  1.17s/it] 67%|██████▋   | 18/27 [00:21<00:10,  1.20s/it] 70%|███████   | 19/27 [00:22<00:09,  1.19s/it] 74%|███████▍  | 20/27 [00:23<00:08,  1.18s/it] 78%|███████▊  | 21/27 [00:25<00:07,  1.19s/it] 81%|████████▏ | 22/27 [00:26<00:05,  1.19s/it] 85%|████████▌ | 23/27 [00:27<00:04,  1.20s/it] 89%|████████▉ | 24/27 [00:28<00:03,  1.20s/it] 93%|█████████▎| 25/27 [00:29<00:02,  1.21s/it] 96%|█████████▋| 26/27 [00:31<00:01,  1.19s/it]100%|██████████| 27/27 [00:32<00:00,  1.18s/it]100%|██████████| 27/27 [00:32<00:00,  1.20s/it]
✓ Complete - SVM F1: 0.4624, DT F1: 0.3889, RF F1: 0.4553

--------------------------------------------------------------------------------
Config 8/9: Window=170, Overlap=60
--------------------------------------------------------------------------------
Generated 7930 samples from 27 volunteers, training models...
  0%|          | 0/27 [00:00<?, ?it/s]  4%|▎         | 1/27 [00:00<00:12,  2.06it/s]  7%|▋         | 2/27 [00:00<00:11,  2.24it/s] 11%|█         | 3/27 [00:01<00:10,  2.28it/s] 15%|█▍        | 4/27 [00:01<00:09,  2.30it/s] 19%|█▊        | 5/27 [00:02<00:09,  2.33it/s] 22%|██▏       | 6/27 [00:02<00:08,  2.34it/s] 26%|██▌       | 7/27 [00:03<00:08,  2.32it/s] 30%|██▉       | 8/27 [00:03<00:08,  2.31it/s] 33%|███▎      | 9/27 [00:03<00:07,  2.33it/s] 37%|███▋      | 10/27 [00:04<00:07,  2.34it/s] 41%|████      | 11/27 [00:04<00:07,  2.28it/s] 44%|████▍     | 12/27 [00:05<00:06,  2.29it/s] 48%|████▊     | 13/27 [00:05<00:06,  2.17it/s] 52%|█████▏    | 14/27 [00:06<00:05,  2.21it/s] 56%|█████▌    | 15/27 [00:06<00:05,  2.25it/s] 59%|█████▉    | 16/27 [00:07<00:04,  2.29it/s] 63%|██████▎   | 17/27 [00:07<00:04,  2.28it/s] 67%|██████▋   | 18/27 [00:07<00:03,  2.27it/s] 70%|███████   | 19/27 [00:08<00:03,  2.28it/s] 74%|███████▍  | 20/27 [00:08<00:03,  2.31it/s] 78%|███████▊  | 21/27 [00:09<00:02,  2.29it/s] 81%|████████▏ | 22/27 [00:09<00:02,  2.28it/s] 85%|████████▌ | 23/27 [00:10<00:01,  2.26it/s] 89%|████████▉ | 24/27 [00:10<00:01,  2.25it/s] 93%|█████████▎| 25/27 [00:10<00:00,  2.25it/s] 96%|█████████▋| 26/27 [00:11<00:00,  2.28it/s]100%|██████████| 27/27 [00:11<00:00,  2.30it/s]100%|██████████| 27/27 [00:11<00:00,  2.28it/s]
✓ Complete - SVM F1: 0.4575, DT F1: 0.4017, RF F1: 0.4529

--------------------------------------------------------------------------------
Config 9/9: Window=170, Overlap=100
--------------------------------------------------------------------------------
Generated 4766 samples from 27 volunteers, training models...
  0%|          | 0/27 [00:00<?, ?it/s]  4%|▎         | 1/27 [00:00<00:06,  4.15it/s]  7%|▋         | 2/27 [00:00<00:05,  4.26it/s] 11%|█         | 3/27 [00:00<00:05,  4.25it/s] 15%|█▍        | 4/27 [00:00<00:05,  4.23it/s] 19%|█▊        | 5/27 [00:01<00:05,  4.24it/s] 22%|██▏       | 6/27 [00:01<00:04,  4.24it/s] 26%|██▌       | 7/27 [00:01<00:04,  4.24it/s] 30%|██▉       | 8/27 [00:01<00:04,  4.24it/s] 33%|███▎      | 9/27 [00:02<00:04,  4.25it/s] 37%|███▋      | 10/27 [00:02<00:03,  4.27it/s] 41%|████      | 11/27 [00:02<00:03,  4.20it/s] 44%|████▍     | 12/27 [00:02<00:03,  4.21it/s] 48%|████▊     | 13/27 [00:03<00:03,  4.14it/s] 52%|█████▏    | 14/27 [00:03<00:03,  3.95it/s] 56%|█████▌    | 15/27 [00:03<00:02,  4.04it/s] 59%|█████▉    | 16/27 [00:03<00:02,  4.10it/s] 63%|██████▎   | 17/27 [00:04<00:02,  4.15it/s] 67%|██████▋   | 18/27 [00:04<00:02,  4.14it/s] 70%|███████   | 19/27 [00:04<00:01,  4.14it/s] 74%|███████▍  | 20/27 [00:04<00:01,  4.19it/s] 78%|███████▊  | 21/27 [00:05<00:01,  4.17it/s] 81%|████████▏ | 22/27 [00:05<00:01,  4.19it/s] 85%|████████▌ | 23/27 [00:05<00:00,  4.18it/s] 89%|████████▉ | 24/27 [00:05<00:00,  4.18it/s] 93%|█████████▎| 25/27 [00:05<00:00,  4.16it/s] 96%|█████████▋| 26/27 [00:06<00:00,  4.18it/s]100%|██████████| 27/27 [00:06<00:00,  4.21it/s]100%|██████████| 27/27 [00:06<00:00,  4.18it/s]
✓ Complete - SVM F1: 0.4452, DT F1: 0.3790, RF F1: 0.4538

================================================================================
GRID SEARCH COMPLETE
================================================================================
Best Configuration:
  Window: 170
  Overlap:   30
  SVM F1: 0.4624
Heatmap saved to: /home/odin/achal/Pervasive-Computing-for-Health/tutorial_3/results/run_20260205_145510/grid_search_heatmap_20260205_145510.png

================================================================================
FILTER COMPARISON SUMMARY
================================================================================
 window_size  overlap  num_samples  num_volunteers   svm_f1    rf_f1    dt_f1
         170       30        15843              27 0.462372 0.455286 0.388930
         170       60         7930              27 0.457496 0.452902 0.401739
         150       30        15854              27 0.452666 0.453898 0.384297
         150       60         7937              27 0.448993 0.454837 0.362229
         170      100         4766              27 0.445192 0.453788 0.378956
         120       30        15881              27 0.441763 0.443647 0.370066
         150      100         4767              27 0.435492 0.450756 0.368180
         120       60         7944              27 0.433105 0.440146 0.393498
         120      100         4774              27 0.417075 0.445467 0.392666

✓ Best Configuration:
Traceback (most recent call last):
  File "/home/odin/miniconda3/envs/lerobot/lib/python3.10/site-packages/pandas/core/indexes/base.py", line 3812, in get_loc
    return self._engine.get_loc(casted_key)
  File "pandas/_libs/index.pyx", line 167, in pandas._libs.index.IndexEngine.get_loc
  File "pandas/_libs/index.pyx", line 196, in pandas._libs.index.IndexEngine.get_loc
  File "pandas/_libs/hashtable_class_helper.pxi", line 7088, in pandas._libs.hashtable.PyObjectHashTable.get_item
  File "pandas/_libs/hashtable_class_helper.pxi", line 7096, in pandas._libs.hashtable.PyObjectHashTable.get_item
KeyError: 'filter_name'

The above exception was the direct cause of the following exception:

Traceback (most recent call last):
  File "/home/odin/achal/Pervasive-Computing-for-Health/tutorial_3/experiments.py", line 925, in <module>
    main()
  File "/home/odin/achal/Pervasive-Computing-for-Health/tutorial_3/experiments.py", line 913, in main
    print(f"  Filter: {best['filter_name']}")
  File "/home/odin/miniconda3/envs/lerobot/lib/python3.10/site-packages/pandas/core/series.py", line 1133, in __getitem__
    return self._get_value(key)
  File "/home/odin/miniconda3/envs/lerobot/lib/python3.10/site-packages/pandas/core/series.py", line 1249, in _get_value
    loc = self.index.get_loc(label)
  File "/home/odin/miniconda3/envs/lerobot/lib/python3.10/site-packages/pandas/core/indexes/base.py", line 3819, in get_loc
    raise KeyError(key) from err
KeyError: 'filter_name'
